<?xml version="1.0" encoding="UTF-8"?>
<!-- Generated by org.testng.reporters.JUnitXMLReporter -->
<testsuite ignored="0" hostname="DESKTOP-GTMNT3R" failures="0" tests="5" name="Test" time="52.743" errors="0" timestamp="2024-11-14T15:02:11 IST">
  <testcase classname="Tests.DummyThreeTest" name="test" time="0.007"/>
  <testcase classname="Tests.DummyTest" name="testTwo" time="0.001"/>
  <testcase classname="Tests.LoginTest" name="login" time="9.515"/>
  <testcase classname="Tests.LoginTest" name="login" time="17.31"/>
  <testcase classname="Tests.DummytwoTest" name="test" time="0.0"/>
</testsuite> <!-- Test -->
