<?xml version="1.0" encoding="UTF-8"?>
<testng-results ignored="0" total="5" passed="5" failed="0" skipped="0">
  <reporter-output>
  </reporter-output>
  <suite started-at="2024-11-14T15:01:18 IST" name="Suite" finished-at="2024-11-14T15:02:10 IST" duration-ms="52743">
    <groups>
    </groups>
    <test started-at="2024-11-14T15:01:18 IST" name="Test" finished-at="2024-11-14T15:02:10 IST" duration-ms="52743">
      <class name="Tests.DummytwoTest">
        <test-method signature="test()[pri:0, instance:Tests.DummytwoTest@6743e411]" started-at="2024-11-14T15:02:10 IST" name="test" finished-at="2024-11-14T15:02:10 IST" duration-ms="0" status="PASS">
          <reporter-output>
          </reporter-output>
        </test-method> <!-- test -->
      </class> <!-- Tests.DummytwoTest -->
      <class name="Tests.DummyTest">
        <test-method signature="testTwo()[pri:0, instance:Tests.DummyTest@30c15d8b]" started-at="2024-11-14T15:01:18 IST" name="testTwo" finished-at="2024-11-14T15:01:18 IST" duration-ms="1" status="PASS">
          <reporter-output>
          </reporter-output>
        </test-method> <!-- testTwo -->
      </class> <!-- Tests.DummyTest -->
      <class name="Tests.DummyThreeTest">
        <test-method signature="test()[pri:0, instance:Tests.DummyThreeTest@515c6049]" started-at="2024-11-14T15:01:18 IST" name="test" finished-at="2024-11-14T15:01:18 IST" duration-ms="7" status="PASS">
          <reporter-output>
          </reporter-output>
        </test-method> <!-- test -->
      </class> <!-- Tests.DummyThreeTest -->
      <class name="Tests.LoginTest">
        <test-method is-config="true" signature="open()[pri:0, instance:Tests.LoginTest@6b2ea799]" started-at="2024-11-14T15:01:18 IST" name="open" finished-at="2024-11-14T15:01:37 IST" duration-ms="19072" status="PASS">
          <reporter-output>
          </reporter-output>
        </test-method> <!-- open -->
        <test-method signature="login(java.lang.String,java.lang.String,java.lang.String)[pri:0, instance:Tests.LoginTest@6b2ea799]" started-at="2024-11-14T15:01:37 IST" name="login" data-provider="getlogindata" finished-at="2024-11-14T15:01:46 IST" duration-ms="9515" status="PASS">
          <params>
            <param index="0">
              <value>
                <![CDATA[rachithapallikala05@gmail.com]]>
              </value>
            </param>
            <param index="1">
              <value>
                <![CDATA[password]]>
              </value>
            </param>
            <param index="2">
              <value>
                <![CDATA[Successfull]]>
              </value>
            </param>
          </params>
          <reporter-output>
          </reporter-output>
        </test-method> <!-- login -->
        <test-method is-config="true" signature="teardown()[pri:0, instance:Tests.LoginTest@6b2ea799]" started-at="2024-11-14T15:01:46 IST" name="teardown" finished-at="2024-11-14T15:01:47 IST" duration-ms="361" status="PASS">
          <reporter-output>
          </reporter-output>
        </test-method> <!-- teardown -->
        <test-method is-config="true" signature="open()[pri:0, instance:Tests.LoginTest@6b2ea799]" started-at="2024-11-14T15:01:47 IST" name="open" finished-at="2024-11-14T15:01:53 IST" duration-ms="6177" status="PASS">
          <reporter-output>
          </reporter-output>
        </test-method> <!-- open -->
        <test-method signature="login(java.lang.String,java.lang.String,java.lang.String)[pri:0, instance:Tests.LoginTest@6b2ea799]" started-at="2024-11-14T15:01:53 IST" name="login" data-provider="getlogindata" finished-at="2024-11-14T15:02:10 IST" duration-ms="17310" status="PASS">
          <params>
            <param index="0">
              <value>
                <![CDATA[dummy@gmail.com]]>
              </value>
            </param>
            <param index="1">
              <value>
                <![CDATA[dummy]]>
              </value>
            </param>
            <param index="2">
              <value>
                <![CDATA[Failure]]>
              </value>
            </param>
          </params>
          <reporter-output>
          </reporter-output>
        </test-method> <!-- login -->
        <test-method is-config="true" signature="teardown()[pri:0, instance:Tests.LoginTest@6b2ea799]" started-at="2024-11-14T15:02:10 IST" name="teardown" finished-at="2024-11-14T15:02:10 IST" duration-ms="239" status="PASS">
          <reporter-output>
          </reporter-output>
        </test-method> <!-- teardown -->
      </class> <!-- Tests.LoginTest -->
    </test> <!-- Test -->
  </suite> <!-- Suite -->
</testng-results>
